<?xml version="1.0" encoding="UTF-8"?>
<coverage generated="1621495096365" clover="3.2.0">
  <project timestamp="1621495096365" name="All files">
    <metrics statements="22" coveredstatements="22" conditionals="24" coveredconditionals="17" methods="4" coveredmethods="4" elements="50" coveredelements="43" complexity="0" loc="22" ncloc="22" packages="1" files="1" classes="1"/>
    <file name="index.js" path="D:\Exadel\Compare Face\compreface-javascript-sdk\functions\index.js">
      <metrics statements="22" coveredstatements="22" conditionals="24" coveredconditionals="17" methods="4" coveredmethods="4"/>
      <line num="18" count="4" type="stmt"/>
      <line num="24" count="1" type="stmt"/>
      <line num="34" count="1" type="stmt"/>
      <line num="35" count="1" type="stmt"/>
      <line num="37" count="1" type="stmt"/>
      <line num="46" count="1" type="cond" truecount="1" falsecount="1"/>
      <line num="47" count="1" type="stmt"/>
      <line num="48" count="1" type="stmt"/>
      <line num="61" count="1" type="stmt"/>
      <line num="62" count="1" type="stmt"/>
      <line num="65" count="1" type="cond" truecount="1" falsecount="1"/>
      <line num="67" count="1" type="cond" truecount="3" falsecount="1"/>
      <line num="68" count="1" type="stmt"/>
      <line num="72" count="1" type="cond" truecount="3" falsecount="1"/>
      <line num="73" count="1" type="stmt"/>
      <line num="77" count="1" type="cond" truecount="3" falsecount="1"/>
      <line num="78" count="1" type="stmt"/>
      <line num="82" count="1" type="cond" truecount="3" falsecount="1"/>
      <line num="83" count="1" type="stmt"/>
      <line num="87" count="1" type="cond" truecount="3" falsecount="1"/>
      <line num="88" count="1" type="stmt"/>
      <line num="92" count="1" type="stmt"/>
    </file>
  </project>
</coverage>
