<?xml version="1.0" encoding="UTF-8"?>
<coverage generated="1622110902136" clover="3.2.0">
  <project timestamp="1622110902136" name="All files">
    <metrics statements="58" coveredstatements="35" conditionals="24" coveredconditionals="17" methods="16" coveredmethods="10" elements="98" coveredelements="62" complexity="0" loc="58" ncloc="58" packages="2" files="3" classes="3"/>
    <package name="endpoints">
      <metrics statements="36" coveredstatements="13" conditionals="0" coveredconditionals="0" methods="12" coveredmethods="6"/>
      <file name="common_endpoints.js" path="D:\Exadel\Compare Face\compreface-javascript-sdk\endpoints\common_endpoints.js">
        <metrics statements="25" coveredstatements="4" conditionals="0" coveredconditionals="0" methods="8" coveredmethods="2"/>
        <line num="21" count="1" type="stmt"/>
        <line num="23" count="0" type="stmt"/>
        <line num="24" count="0" type="stmt"/>
        <line num="26" count="0" type="stmt"/>
        <line num="27" count="0" type="stmt"/>
        <line num="28" count="0" type="stmt"/>
        <line num="35" count="0" type="stmt"/>
        <line num="37" count="0" type="stmt"/>
        <line num="50" count="0" type="stmt"/>
        <line num="51" count="0" type="stmt"/>
        <line num="53" count="0" type="stmt"/>
        <line num="54" count="0" type="stmt"/>
        <line num="55" count="0" type="stmt"/>
        <line num="63" count="0" type="stmt"/>
        <line num="65" count="0" type="stmt"/>
        <line num="78" count="1" type="stmt"/>
        <line num="80" count="1" type="stmt"/>
        <line num="81" count="1" type="stmt"/>
        <line num="83" count="0" type="stmt"/>
        <line num="84" count="0" type="stmt"/>
        <line num="85" count="0" type="stmt"/>
        <line num="86" count="0" type="stmt"/>
        <line num="93" count="0" type="stmt"/>
        <line num="95" count="0" type="stmt"/>
        <line num="99" count="0" type="stmt"/>
      </file>
      <file name="recognition_endpoints.js" path="D:\Exadel\Compare Face\compreface-javascript-sdk\endpoints\recognition_endpoints.js">
        <metrics statements="11" coveredstatements="9" conditionals="0" coveredconditionals="0" methods="4" coveredmethods="4"/>
        <line num="18" count="2" type="stmt"/>
        <line num="26" count="1" type="stmt"/>
        <line num="27" count="1" type="stmt"/>
        <line num="28" count="1" type="stmt"/>
        <line num="34" count="1" type="stmt"/>
        <line num="36" count="0" type="stmt"/>
        <line num="48" count="1" type="stmt"/>
        <line num="49" count="1" type="stmt"/>
        <line num="50" count="1" type="stmt"/>
        <line num="56" count="1" type="stmt"/>
        <line num="58" count="0" type="stmt"/>
      </file>
    </package>
    <package name="functions">
      <metrics statements="22" coveredstatements="22" conditionals="24" coveredconditionals="17" methods="4" coveredmethods="4"/>
      <file name="index.js" path="D:\Exadel\Compare Face\compreface-javascript-sdk\functions\index.js">
        <metrics statements="22" coveredstatements="22" conditionals="24" coveredconditionals="17" methods="4" coveredmethods="4"/>
        <line num="18" count="4" type="stmt"/>
        <line num="24" count="1" type="stmt"/>
        <line num="34" count="1" type="stmt"/>
        <line num="35" count="1" type="stmt"/>
        <line num="37" count="1" type="stmt"/>
        <line num="46" count="1" type="cond" truecount="1" falsecount="1"/>
        <line num="47" count="1" type="stmt"/>
        <line num="48" count="1" type="stmt"/>
        <line num="61" count="1" type="stmt"/>
        <line num="62" count="1" type="stmt"/>
        <line num="65" count="1" type="cond" truecount="1" falsecount="1"/>
        <line num="67" count="1" type="cond" truecount="3" falsecount="1"/>
        <line num="68" count="1" type="stmt"/>
        <line num="72" count="1" type="cond" truecount="3" falsecount="1"/>
        <line num="73" count="1" type="stmt"/>
        <line num="77" count="1" type="cond" truecount="3" falsecount="1"/>
        <line num="78" count="1" type="stmt"/>
        <line num="82" count="1" type="cond" truecount="3" falsecount="1"/>
        <line num="83" count="1" type="stmt"/>
        <line num="87" count="1" type="cond" truecount="3" falsecount="1"/>
        <line num="88" count="1" type="stmt"/>
        <line num="92" count="1" type="stmt"/>
      </file>
    </package>
  </project>
</coverage>
