{"D:\\Exadel\\Compare Face\\compreface-javascript-sdk\\endpoints\\common_endpoints.js": {"path":"D:\\Exadel\\Compare Face\\compreface-javascript-sdk\\endpoints\\common_endpoints.js","statementMap":{"0":{"start":{"line":21,"column":25},"end":{"line":105,"column":1}},"1":{"start":{"line":23,"column":27},"end":{"line":23,"column":41}},"2":{"start":{"line":24,"column":8},"end":{"line":24,"column":61}},"3":{"start":{"line":26,"column":8},"end":{"line":39,"column":10}},"4":{"start":{"line":27,"column":12},"end":{"line":38,"column":13}},"5":{"start":{"line":28,"column":33},"end":{"line":33,"column":18}},"6":{"start":{"line":35,"column":16},"end":{"line":35,"column":33}},"7":{"start":{"line":37,"column":16},"end":{"line":37,"column":29}},"8":{"start":{"line":50,"column":27},"end":{"line":50,"column":41}},"9":{"start":{"line":51,"column":8},"end":{"line":51,"column":116}},"10":{"start":{"line":53,"column":8},"end":{"line":67,"column":10}},"11":{"start":{"line":54,"column":12},"end":{"line":66,"column":13}},"12":{"start":{"line":55,"column":33},"end":{"line":61,"column":18}},"13":{"start":{"line":63,"column":16},"end":{"line":63,"column":33}},"14":{"start":{"line":65,"column":16},"end":{"line":65,"column":29}},"15":{"start":{"line":78,"column":27},"end":{"line":78,"column":41}},"16":{"start":{"line":80,"column":8},"end":{"line":101,"column":10}},"17":{"start":{"line":81,"column":12},"end":{"line":100,"column":18}},"18":{"start":{"line":83,"column":42},"end":{"line":83,"column":88}},"19":{"start":{"line":84,"column":20},"end":{"line":84,"column":93}},"20":{"start":{"line":85,"column":20},"end":{"line":96,"column":21}},"21":{"start":{"line":86,"column":36},"end":{"line":91,"column":26}},"22":{"start":{"line":93,"column":24},"end":{"line":93,"column":36}},"23":{"start":{"line":95,"column":24},"end":{"line":95,"column":37}},"24":{"start":{"line":99,"column":20},"end":{"line":99,"column":33}}},"fnMap":{"0":{"name":"(anonymous_0)","decl":{"start":{"line":22,"column":4},"end":{"line":22,"column":5}},"loc":{"start":{"line":22,"column":45},"end":{"line":40,"column":5}},"line":22},"1":{"name":"(anonymous_1)","decl":{"start":{"line":26,"column":28},"end":{"line":26,"column":29}},"loc":{"start":{"line":26,"column":55},"end":{"line":39,"column":9}},"line":26},"2":{"name":"(anonymous_2)","decl":{"start":{"line":49,"column":5},"end":{"line":49,"column":6}},"loc":{"start":{"line":49,"column":49},"end":{"line":68,"column":5}},"line":49},"3":{"name":"(anonymous_3)","decl":{"start":{"line":53,"column":28},"end":{"line":53,"column":29}},"loc":{"start":{"line":53,"column":55},"end":{"line":67,"column":9}},"line":53},"4":{"name":"(anonymous_4)","decl":{"start":{"line":77,"column":4},"end":{"line":77,"column":5}},"loc":{"start":{"line":77,"column":45},"end":{"line":102,"column":5}},"line":77},"5":{"name":"(anonymous_5)","decl":{"start":{"line":80,"column":28},"end":{"line":80,"column":29}},"loc":{"start":{"line":80,"column":55},"end":{"line":101,"column":9}},"line":80},"6":{"name":"(anonymous_6)","decl":{"start":{"line":82,"column":23},"end":{"line":82,"column":24}},"loc":{"start":{"line":82,"column":43},"end":{"line":97,"column":17}},"line":82},"7":{"name":"(anonymous_7)","decl":{"start":{"line":98,"column":23},"end":{"line":98,"column":24}},"loc":{"start":{"line":98,"column":32},"end":{"line":100,"column":17}},"line":98}},"branchMap":{},"s":{"0":1,"1":0,"2":0,"3":0,"4":0,"5":0,"6":0,"7":0,"8":0,"9":0,"10":0,"11":0,"12":0,"13":0,"14":0,"15":1,"16":1,"17":1,"18":0,"19":0,"20":0,"21":0,"22":0,"23":0,"24":0},"f":{"0":0,"1":0,"2":0,"3":0,"4":1,"5":1,"6":0,"7":0},"b":{},"_coverageSchema":"1a1c01bbd47fc00a2c39e90264f33305004495a9","hash":"719deb586771f188c1a142244ccbabff11d73c50"}
,"D:\\Exadel\\Compare Face\\compreface-javascript-sdk\\endpoints\\recognition_endpoints.js": {"path":"D:\\Exadel\\Compare Face\\compreface-javascript-sdk\\endpoints\\recognition_endpoints.js","statementMap":{"0":{"start":{"line":18,"column":30},"end":{"line":62,"column":1}},"1":{"start":{"line":26,"column":8},"end":{"line":38,"column":10}},"2":{"start":{"line":27,"column":12},"end":{"line":37,"column":13}},"3":{"start":{"line":28,"column":33},"end":{"line":32,"column":18}},"4":{"start":{"line":34,"column":16},"end":{"line":34,"column":33}},"5":{"start":{"line":36,"column":16},"end":{"line":36,"column":29}},"6":{"start":{"line":48,"column":8},"end":{"line":60,"column":10}},"7":{"start":{"line":49,"column":12},"end":{"line":59,"column":13}},"8":{"start":{"line":50,"column":33},"end":{"line":54,"column":18}},"9":{"start":{"line":56,"column":16},"end":{"line":56,"column":33}},"10":{"start":{"line":58,"column":16},"end":{"line":58,"column":29}}},"fnMap":{"0":{"name":"(anonymous_0)","decl":{"start":{"line":25,"column":4},"end":{"line":25,"column":5}},"loc":{"start":{"line":25,"column":36},"end":{"line":39,"column":5}},"line":25},"1":{"name":"(anonymous_1)","decl":{"start":{"line":26,"column":28},"end":{"line":26,"column":29}},"loc":{"start":{"line":26,"column":55},"end":{"line":38,"column":9}},"line":26},"2":{"name":"(anonymous_2)","decl":{"start":{"line":47,"column":4},"end":{"line":47,"column":5}},"loc":{"start":{"line":47,"column":38},"end":{"line":61,"column":5}},"line":47},"3":{"name":"(anonymous_3)","decl":{"start":{"line":48,"column":28},"end":{"line":48,"column":29}},"loc":{"start":{"line":48,"column":55},"end":{"line":60,"column":9}},"line":48}},"branchMap":{},"s":{"0":2,"1":1,"2":1,"3":1,"4":1,"5":0,"6":1,"7":1,"8":1,"9":1,"10":0},"f":{"0":1,"1":1,"2":1,"3":1},"b":{},"_coverageSchema":"1a1c01bbd47fc00a2c39e90264f33305004495a9","hash":"ddf74093fffad257a8fe6ece0e9fa3abbad510ad"}
,"D:\\Exadel\\Compare Face\\compreface-javascript-sdk\\functions\\index.js": {"path":"D:\\Exadel\\Compare Face\\compreface-javascript-sdk\\functions\\index.js","statementMap":{"0":{"start":{"line":18,"column":25},"end":{"line":94,"column":1}},"1":{"start":{"line":24,"column":8},"end":{"line":24,"column":47}},"2":{"start":{"line":34,"column":23},"end":{"line":34,"column":103}},"3":{"start":{"line":35,"column":20},"end":{"line":35,"column":44}},"4":{"start":{"line":37,"column":8},"end":{"line":37,"column":21}},"5":{"start":{"line":46,"column":8},"end":{"line":46,"column":49}},"6":{"start":{"line":46,"column":37},"end":{"line":46,"column":49}},"7":{"start":{"line":47,"column":25},"end":{"line":47,"column":57}},"8":{"start":{"line":48,"column":8},"end":{"line":48,"column":27}},"9":{"start":{"line":61,"column":28},"end":{"line":61,"column":63}},"10":{"start":{"line":62,"column":32},"end":{"line":62,"column":58}},"11":{"start":{"line":65,"column":8},"end":{"line":90,"column":9}},"12":{"start":{"line":67,"column":12},"end":{"line":69,"column":13}},"13":{"start":{"line":68,"column":16},"end":{"line":68,"column":62}},"14":{"start":{"line":72,"column":12},"end":{"line":74,"column":13}},"15":{"start":{"line":73,"column":16},"end":{"line":73,"column":88}},"16":{"start":{"line":77,"column":12},"end":{"line":79,"column":13}},"17":{"start":{"line":78,"column":16},"end":{"line":78,"column":84}},"18":{"start":{"line":82,"column":12},"end":{"line":84,"column":13}},"19":{"start":{"line":83,"column":16},"end":{"line":83,"column":76}},"20":{"start":{"line":87,"column":12},"end":{"line":89,"column":13}},"21":{"start":{"line":88,"column":16},"end":{"line":88,"column":64}},"22":{"start":{"line":92,"column":8},"end":{"line":92,"column":19}}},"fnMap":{"0":{"name":"(anonymous_0)","decl":{"start":{"line":23,"column":4},"end":{"line":23,"column":5}},"loc":{"start":{"line":23,"column":41},"end":{"line":25,"column":5}},"line":23},"1":{"name":"(anonymous_1)","decl":{"start":{"line":32,"column":4},"end":{"line":32,"column":5}},"loc":{"start":{"line":32,"column":20},"end":{"line":38,"column":5}},"line":32},"2":{"name":"(anonymous_2)","decl":{"start":{"line":45,"column":4},"end":{"line":45,"column":5}},"loc":{"start":{"line":45,"column":25},"end":{"line":49,"column":5}},"line":45},"3":{"name":"(anonymous_3)","decl":{"start":{"line":59,"column":4},"end":{"line":59,"column":5}},"loc":{"start":{"line":59,"column":77},"end":{"line":93,"column":5}},"line":59}},"branchMap":{"0":{"loc":{"start":{"line":46,"column":8},"end":{"line":46,"column":49}},"type":"if","locations":[{"start":{"line":46,"column":8},"end":{"line":46,"column":49}},{"start":{"line":46,"column":8},"end":{"line":46,"column":49}}],"line":46},"1":{"loc":{"start":{"line":65,"column":8},"end":{"line":90,"column":9}},"type":"if","locations":[{"start":{"line":65,"column":8},"end":{"line":90,"column":9}},{"start":{"line":65,"column":8},"end":{"line":90,"column":9}}],"line":65},"2":{"loc":{"start":{"line":67,"column":12},"end":{"line":69,"column":13}},"type":"if","locations":[{"start":{"line":67,"column":12},"end":{"line":69,"column":13}},{"start":{"line":67,"column":12},"end":{"line":69,"column":13}}],"line":67},"3":{"loc":{"start":{"line":67,"column":15},"end":{"line":67,"column":74}},"type":"binary-expr","locations":[{"start":{"line":67,"column":15},"end":{"line":67,"column":42}},{"start":{"line":67,"column":46},"end":{"line":67,"column":74}}],"line":67},"4":{"loc":{"start":{"line":72,"column":12},"end":{"line":74,"column":13}},"type":"if","locations":[{"start":{"line":72,"column":12},"end":{"line":74,"column":13}},{"start":{"line":72,"column":12},"end":{"line":74,"column":13}}],"line":72},"5":{"loc":{"start":{"line":72,"column":15},"end":{"line":72,"column":100}},"type":"binary-expr","locations":[{"start":{"line":72,"column":15},"end":{"line":72,"column":55}},{"start":{"line":72,"column":59},"end":{"line":72,"column":100}}],"line":72},"6":{"loc":{"start":{"line":77,"column":12},"end":{"line":79,"column":13}},"type":"if","locations":[{"start":{"line":77,"column":12},"end":{"line":79,"column":13}},{"start":{"line":77,"column":12},"end":{"line":79,"column":13}}],"line":77},"7":{"loc":{"start":{"line":77,"column":15},"end":{"line":77,"column":96}},"type":"binary-expr","locations":[{"start":{"line":77,"column":15},"end":{"line":77,"column":53}},{"start":{"line":77,"column":57},"end":{"line":77,"column":96}}],"line":77},"8":{"loc":{"start":{"line":82,"column":12},"end":{"line":84,"column":13}},"type":"if","locations":[{"start":{"line":82,"column":12},"end":{"line":84,"column":13}},{"start":{"line":82,"column":12},"end":{"line":84,"column":13}}],"line":82},"9":{"loc":{"start":{"line":82,"column":15},"end":{"line":82,"column":83}},"type":"binary-expr","locations":[{"start":{"line":82,"column":15},"end":{"line":82,"column":44}},{"start":{"line":82,"column":48},"end":{"line":82,"column":83}}],"line":82},"10":{"loc":{"start":{"line":87,"column":12},"end":{"line":89,"column":13}},"type":"if","locations":[{"start":{"line":87,"column":12},"end":{"line":89,"column":13}},{"start":{"line":87,"column":12},"end":{"line":89,"column":13}}],"line":87},"11":{"loc":{"start":{"line":87,"column":15},"end":{"line":87,"column":71}},"type":"binary-expr","locations":[{"start":{"line":87,"column":15},"end":{"line":87,"column":38}},{"start":{"line":87,"column":42},"end":{"line":87,"column":71}}],"line":87}},"s":{"0":4,"1":1,"2":1,"3":1,"4":1,"5":1,"6":0,"7":1,"8":1,"9":1,"10":1,"11":1,"12":1,"13":1,"14":1,"15":1,"16":1,"17":1,"18":1,"19":1,"20":1,"21":1,"22":1},"f":{"0":1,"1":1,"2":1,"3":1},"b":{"0":[0,1],"1":[1,0],"2":[1,0],"3":[1,1],"4":[1,0],"5":[1,1],"6":[1,0],"7":[1,1],"8":[1,0],"9":[1,1],"10":[1,0],"11":[1,1]},"_coverageSchema":"1a1c01bbd47fc00a2c39e90264f33305004495a9","hash":"d3d8737f4b9aca2b0eb63559383e2ba7510b1605"}
}
