{"D:\\Exadel\\Compare Face\\compreface-javascript-sdk\\functions\\index.js": {"path":"D:\\Exadel\\Compare Face\\compreface-javascript-sdk\\functions\\index.js","statementMap":{"0":{"start":{"line":18,"column":25},"end":{"line":94,"column":1}},"1":{"start":{"line":24,"column":8},"end":{"line":24,"column":47}},"2":{"start":{"line":34,"column":23},"end":{"line":34,"column":103}},"3":{"start":{"line":35,"column":20},"end":{"line":35,"column":44}},"4":{"start":{"line":37,"column":8},"end":{"line":37,"column":21}},"5":{"start":{"line":46,"column":8},"end":{"line":46,"column":49}},"6":{"start":{"line":46,"column":37},"end":{"line":46,"column":49}},"7":{"start":{"line":47,"column":25},"end":{"line":47,"column":57}},"8":{"start":{"line":48,"column":8},"end":{"line":48,"column":27}},"9":{"start":{"line":61,"column":28},"end":{"line":61,"column":63}},"10":{"start":{"line":62,"column":32},"end":{"line":62,"column":58}},"11":{"start":{"line":65,"column":8},"end":{"line":90,"column":9}},"12":{"start":{"line":67,"column":12},"end":{"line":69,"column":13}},"13":{"start":{"line":68,"column":16},"end":{"line":68,"column":62}},"14":{"start":{"line":72,"column":12},"end":{"line":74,"column":13}},"15":{"start":{"line":73,"column":16},"end":{"line":73,"column":88}},"16":{"start":{"line":77,"column":12},"end":{"line":79,"column":13}},"17":{"start":{"line":78,"column":16},"end":{"line":78,"column":84}},"18":{"start":{"line":82,"column":12},"end":{"line":84,"column":13}},"19":{"start":{"line":83,"column":16},"end":{"line":83,"column":76}},"20":{"start":{"line":87,"column":12},"end":{"line":89,"column":13}},"21":{"start":{"line":88,"column":16},"end":{"line":88,"column":64}},"22":{"start":{"line":92,"column":8},"end":{"line":92,"column":19}}},"fnMap":{"0":{"name":"(anonymous_0)","decl":{"start":{"line":23,"column":4},"end":{"line":23,"column":5}},"loc":{"start":{"line":23,"column":41},"end":{"line":25,"column":5}},"line":23},"1":{"name":"(anonymous_1)","decl":{"start":{"line":32,"column":4},"end":{"line":32,"column":5}},"loc":{"start":{"line":32,"column":20},"end":{"line":38,"column":5}},"line":32},"2":{"name":"(anonymous_2)","decl":{"start":{"line":45,"column":4},"end":{"line":45,"column":5}},"loc":{"start":{"line":45,"column":25},"end":{"line":49,"column":5}},"line":45},"3":{"name":"(anonymous_3)","decl":{"start":{"line":59,"column":4},"end":{"line":59,"column":5}},"loc":{"start":{"line":59,"column":77},"end":{"line":93,"column":5}},"line":59}},"branchMap":{"0":{"loc":{"start":{"line":46,"column":8},"end":{"line":46,"column":49}},"type":"if","locations":[{"start":{"line":46,"column":8},"end":{"line":46,"column":49}},{"start":{"line":46,"column":8},"end":{"line":46,"column":49}}],"line":46},"1":{"loc":{"start":{"line":65,"column":8},"end":{"line":90,"column":9}},"type":"if","locations":[{"start":{"line":65,"column":8},"end":{"line":90,"column":9}},{"start":{"line":65,"column":8},"end":{"line":90,"column":9}}],"line":65},"2":{"loc":{"start":{"line":67,"column":12},"end":{"line":69,"column":13}},"type":"if","locations":[{"start":{"line":67,"column":12},"end":{"line":69,"column":13}},{"start":{"line":67,"column":12},"end":{"line":69,"column":13}}],"line":67},"3":{"loc":{"start":{"line":67,"column":15},"end":{"line":67,"column":74}},"type":"binary-expr","locations":[{"start":{"line":67,"column":15},"end":{"line":67,"column":42}},{"start":{"line":67,"column":46},"end":{"line":67,"column":74}}],"line":67},"4":{"loc":{"start":{"line":72,"column":12},"end":{"line":74,"column":13}},"type":"if","locations":[{"start":{"line":72,"column":12},"end":{"line":74,"column":13}},{"start":{"line":72,"column":12},"end":{"line":74,"column":13}}],"line":72},"5":{"loc":{"start":{"line":72,"column":15},"end":{"line":72,"column":100}},"type":"binary-expr","locations":[{"start":{"line":72,"column":15},"end":{"line":72,"column":55}},{"start":{"line":72,"column":59},"end":{"line":72,"column":100}}],"line":72},"6":{"loc":{"start":{"line":77,"column":12},"end":{"line":79,"column":13}},"type":"if","locations":[{"start":{"line":77,"column":12},"end":{"line":79,"column":13}},{"start":{"line":77,"column":12},"end":{"line":79,"column":13}}],"line":77},"7":{"loc":{"start":{"line":77,"column":15},"end":{"line":77,"column":96}},"type":"binary-expr","locations":[{"start":{"line":77,"column":15},"end":{"line":77,"column":53}},{"start":{"line":77,"column":57},"end":{"line":77,"column":96}}],"line":77},"8":{"loc":{"start":{"line":82,"column":12},"end":{"line":84,"column":13}},"type":"if","locations":[{"start":{"line":82,"column":12},"end":{"line":84,"column":13}},{"start":{"line":82,"column":12},"end":{"line":84,"column":13}}],"line":82},"9":{"loc":{"start":{"line":82,"column":15},"end":{"line":82,"column":83}},"type":"binary-expr","locations":[{"start":{"line":82,"column":15},"end":{"line":82,"column":44}},{"start":{"line":82,"column":48},"end":{"line":82,"column":83}}],"line":82},"10":{"loc":{"start":{"line":87,"column":12},"end":{"line":89,"column":13}},"type":"if","locations":[{"start":{"line":87,"column":12},"end":{"line":89,"column":13}},{"start":{"line":87,"column":12},"end":{"line":89,"column":13}}],"line":87},"11":{"loc":{"start":{"line":87,"column":15},"end":{"line":87,"column":71}},"type":"binary-expr","locations":[{"start":{"line":87,"column":15},"end":{"line":87,"column":38}},{"start":{"line":87,"column":42},"end":{"line":87,"column":71}}],"line":87}},"s":{"0":4,"1":1,"2":1,"3":1,"4":1,"5":1,"6":0,"7":1,"8":1,"9":1,"10":1,"11":1,"12":1,"13":1,"14":1,"15":1,"16":1,"17":1,"18":1,"19":1,"20":1,"21":1,"22":1},"f":{"0":1,"1":1,"2":1,"3":1},"b":{"0":[0,1],"1":[1,0],"2":[1,0],"3":[1,1],"4":[1,0],"5":[1,1],"6":[1,0],"7":[1,1],"8":[1,0],"9":[1,1],"10":[1,0],"11":[1,1]},"_coverageSchema":"1a1c01bbd47fc00a2c39e90264f33305004495a9","hash":"d3d8737f4b9aca2b0eb63559383e2ba7510b1605"}
}
