TN:
SF:endpoints\common_endpoints.js
FN:22,(anonymous_0)
FN:26,(anonymous_1)
FN:49,(anonymous_2)
FN:53,(anonymous_3)
FN:77,(anonymous_4)
FN:80,(anonymous_5)
FN:82,(anonymous_6)
FN:98,(anonymous_7)
FNF:8
FNH:2
FNDA:0,(anonymous_0)
FNDA:0,(anonymous_1)
FNDA:0,(anonymous_2)
FNDA:0,(anonymous_3)
FNDA:1,(anonymous_4)
FNDA:1,(anonymous_5)
FNDA:0,(anonymous_6)
FNDA:0,(anonymous_7)
DA:21,1
DA:23,0
DA:24,0
DA:26,0
DA:27,0
DA:28,0
DA:35,0
DA:37,0
DA:50,0
DA:51,0
DA:53,0
DA:54,0
DA:55,0
DA:63,0
DA:65,0
DA:78,1
DA:80,1
DA:81,1
DA:83,0
DA:84,0
DA:85,0
DA:86,0
DA:93,0
DA:95,0
DA:99,0
LF:25
LH:4
BRF:0
BRH:0
end_of_record
TN:
SF:endpoints\recognition_endpoints.js
FN:25,(anonymous_0)
FN:26,(anonymous_1)
FN:47,(anonymous_2)
FN:48,(anonymous_3)
FNF:4
FNH:4
FNDA:1,(anonymous_0)
FNDA:1,(anonymous_1)
FNDA:1,(anonymous_2)
FNDA:1,(anonymous_3)
DA:18,2
DA:26,1
DA:27,1
DA:28,1
DA:34,1
DA:36,0
DA:48,1
DA:49,1
DA:50,1
DA:56,1
DA:58,0
LF:11
LH:9
BRF:0
BRH:0
end_of_record
TN:
SF:functions\index.js
FN:23,(anonymous_0)
FN:32,(anonymous_1)
FN:45,(anonymous_2)
FN:59,(anonymous_3)
FNF:4
FNH:4
FNDA:1,(anonymous_0)
FNDA:1,(anonymous_1)
FNDA:1,(anonymous_2)
FNDA:1,(anonymous_3)
DA:18,4
DA:24,1
DA:34,1
DA:35,1
DA:37,1
DA:46,1
DA:47,1
DA:48,1
DA:61,1
DA:62,1
DA:65,1
DA:67,1
DA:68,1
DA:72,1
DA:73,1
DA:77,1
DA:78,1
DA:82,1
DA:83,1
DA:87,1
DA:88,1
DA:92,1
LF:22
LH:22
BRDA:46,0,0,0
BRDA:46,0,1,1
BRDA:65,1,0,1
BRDA:65,1,1,0
BRDA:67,2,0,1
BRDA:67,2,1,0
BRDA:67,3,0,1
BRDA:67,3,1,1
BRDA:72,4,0,1
BRDA:72,4,1,0
BRDA:72,5,0,1
BRDA:72,5,1,1
BRDA:77,6,0,1
BRDA:77,6,1,0
BRDA:77,7,0,1
BRDA:77,7,1,1
BRDA:82,8,0,1
BRDA:82,8,1,0
BRDA:82,9,0,1
BRDA:82,9,1,1
BRDA:87,10,0,1
BRDA:87,10,1,0
BRDA:87,11,0,1
BRDA:87,11,1,1
BRF:24
BRH:17
end_of_record
