TN:
SF:functions\index.js
FN:23,(anonymous_0)
FN:32,(anonymous_1)
FN:45,(anonymous_2)
FN:59,(anonymous_3)
FNF:4
FNH:4
FNDA:1,(anonymous_0)
FNDA:1,(anonymous_1)
FNDA:1,(anonymous_2)
FNDA:1,(anonymous_3)
DA:18,4
DA:24,1
DA:34,1
DA:35,1
DA:37,1
DA:46,1
DA:47,1
DA:48,1
DA:61,1
DA:62,1
DA:65,1
DA:67,1
DA:68,1
DA:72,1
DA:73,1
DA:77,1
DA:78,1
DA:82,1
DA:83,1
DA:87,1
DA:88,1
DA:92,1
LF:22
LH:22
BRDA:46,0,0,0
BRDA:46,0,1,1
BRDA:65,1,0,1
BRDA:65,1,1,0
BRDA:67,2,0,1
BRDA:67,2,1,0
BRDA:67,3,0,1
BRDA:67,3,1,1
BRDA:72,4,0,1
BRDA:72,4,1,0
BRDA:72,5,0,1
BRDA:72,5,1,1
BRDA:77,6,0,1
BRDA:77,6,1,0
BRDA:77,7,0,1
BRDA:77,7,1,1
BRDA:82,8,0,1
BRDA:82,8,1,0
BRDA:82,9,0,1
BRDA:82,9,1,1
BRDA:87,10,0,1
BRDA:87,10,1,0
BRDA:87,11,0,1
BRDA:87,11,1,1
BRF:24
BRH:17
end_of_record
